<?xml version="1.0" encoding="utf-8"?>
<TestRun id="5ae92810-8b64-457a-ba13-ea6de7b6e6d2" name="@2bce4d7d4ef6 2025-10-15 15:52:31" xmlns="http://microsoft.com/schemas/VisualStudio/TeamTest/2010">
  <Times creation="2025-10-15T15:52:31.5494005+00:00" queuing="2025-10-15T15:52:31.5494006+00:00" start="2025-10-15T15:52:30.6621126+00:00" finish="2025-10-15T15:52:31.5503385+00:00" />
  <TestSettings name="default" id="6f6f499f-3555-4b95-a18e-20fbf9382f95">
    <Deployment runDeploymentRoot="_2bce4d7d4ef6_2025-10-15_15_52_31" />
  </TestSettings>
  <TestLists>
    <TestList name="Results Not in a List" id="8c84fa94-04c1-424b-9868-57a2d4851a1d" />
    <TestList name="All Loaded Results" id="19431567-8539-422a-85d7-44ee4e166bda" />
  </TestLists>
  <ResultSummary outcome="Completed">
    <Counters total="0" executed="0" passed="0" failed="0" error="0" timeout="0" aborted="0" inconclusive="0" passedButRunAborted="0" notRunnable="0" notExecuted="0" disconnected="0" warning="0" completed="0" inProgress="0" pending="0" />
    <Output>
      <StdOut>[xUnit.net 00:00:00.00] xUnit.net VSTest Adapter v2.5.6+bf9b858c26 (64-bit .NET 8.0.20)
[xUnit.net 00:00:00.16]   Discovering: FunctionalTests
[xUnit.net 00:00:00.21]   Discovered:  FunctionalTests
[xUnit.net 00:00:00.22]   Starting:    FunctionalTests
[xUnit.net 00:00:00.25]   Finished:    FunctionalTests
</StdOut>
    </Output>
    <RunInfos>
      <RunInfo computerName="2bce4d7d4ef6" outcome="Warning" timestamp="2025-10-15T15:52:31.4644363+00:00">
        <Text>No test matches the given testcase filter `TestCategory!=Integration&amp;TestCategory!=E2E&amp;TestCategory!=Functional&amp;TestCategory!=Slow&amp;TestCategory!=RequiresDb&amp;TestCategory!=RequiresNetwork&amp;Category!=Integration&amp;Category!=E2E&amp;Category!=Functional&amp;Category!=Slow&amp;Category!=RequiresDb&amp;Category!=RequiresNe...` in /home/kavia/workspace/code-generation/eShopOnWeb/tests/FunctionalTests/bin/Debug/net8.0/FunctionalTests.dll</Text>
      </RunInfo>
    </RunInfos>
  </ResultSummary>
</TestRun>