<?xml version="1.0" encoding="utf-8"?>
<TestRun id="4d15f081-efc6-4128-91de-318287422b17" name="@aa72925c929d 2025-10-08 06:44:09" xmlns="http://microsoft.com/schemas/VisualStudio/TeamTest/2010">
  <Times creation="2025-10-08T06:44:09.2298717+00:00" queuing="2025-10-08T06:44:09.2298719+00:00" start="2025-10-08T06:44:01.4981262+00:00" finish="2025-10-08T06:44:09.2411950+00:00" />
  <TestSettings name="default" id="303bb36f-eeb3-475e-bd1e-abcb503d835d">
    <Deployment runDeploymentRoot="_aa72925c929d_2025-10-08_06_44_09" />
  </TestSettings>
  <Results>
    <UnitTestResult executionId="05b24d74-01f5-4487-9cce-ebb2e6fdbb35" testId="815cf275-b0a1-2077-659e-bf927432ee2d" testName="HealthEndpointRespondsOk" computerName="aa72925c929d" duration="00:00:02.0304419" startTime="2025-10-08T06:44:06.7548511+00:00" endTime="2025-10-08T06:44:08.8034399+00:00" testType="13cdc9d9-ddb5-4fa4-a97d-d965ccfc6d4b" outcome="Passed" testListId="8c84fa94-04c1-424b-9868-57a2d4851a1d" relativeResultsDirectory="05b24d74-01f5-4487-9cce-ebb2e6fdbb35">
      <Output>
        <StdOut>\u001b[40m\u001b[32minfo\u001b[39m\u001b[22m\u001b[49m: PublicApi[0]
      PublicApi App created...
\u001b[40m\u001b[32minfo\u001b[39m\u001b[22m\u001b[49m: PublicApi[0]
      Seeding Database...
\u001b[40m\u001b[32minfo\u001b[39m\u001b[22m\u001b[49m: PublicApi[0]
      LAUNCHING PublicApi
\u001b[40m\u001b[1m\u001b[33mwarn\u001b[39m\u001b[22m\u001b[49m: Microsoft.AspNetCore.HttpsPolicy.HttpsRedirectionMiddleware[3]
      Failed to determine the https port for redirect.</StdOut>
      </Output>
    </UnitTestResult>
  </Results>
  <TestDefinitions>
    <UnitTest name="HealthEndpointRespondsOk" storage="/home/kavia/workspace/code-generation/eshoponweb/tests/publicapiintegrationtests/bin/debug/net8.0/publicapiintegrationtests.dll" id="815cf275-b0a1-2077-659e-bf927432ee2d">
      <Execution id="05b24d74-01f5-4487-9cce-ebb2e6fdbb35" />
      <TestMethod codeBase="/home/kavia/workspace/code-generation/eShopOnWeb/tests/PublicApiIntegrationTests/bin/Debug/net8.0/PublicApiIntegrationTests.dll" adapterTypeName="executor://mstestadapter/v2" className="PublicApiIntegrationTests.HealthChecks.HealthEndpointsTest" name="HealthEndpointRespondsOk" />
    </UnitTest>
  </TestDefinitions>
  <TestEntries>
    <TestEntry testId="815cf275-b0a1-2077-659e-bf927432ee2d" executionId="05b24d74-01f5-4487-9cce-ebb2e6fdbb35" testListId="8c84fa94-04c1-424b-9868-57a2d4851a1d" />
  </TestEntries>
  <TestLists>
    <TestList name="Results Not in a List" id="8c84fa94-04c1-424b-9868-57a2d4851a1d" />
    <TestList name="All Loaded Results" id="19431567-8539-422a-85d7-44ee4e166bda" />
  </TestLists>
  <ResultSummary outcome="Completed">
    <Counters total="1" executed="1" passed="1" failed="0" error="0" timeout="0" aborted="0" inconclusive="0" passedButRunAborted="0" notRunnable="0" notExecuted="0" disconnected="0" warning="0" completed="0" inProgress="0" pending="0" />
    <CollectorDataEntries>
      <Collector agentName="aa72925c929d" uri="datacollector://microsoft/CoverletCodeCoverage/1.0" collectorDisplayName="XPlat code coverage">
        <UriAttachments>
          <UriAttachment>
            <A href="aa72925c929d/coverage.cobertura.xml"></A>
          </UriAttachment>
        </UriAttachments>
      </Collector>
    </CollectorDataEntries>
  </ResultSummary>
</TestRun>